[2023-11-13T05:44:52.597+0000] {manager.py:487} INFO - Processing files using up to 2 processes at a time 
[2023-11-13T05:44:52.599+0000] {manager.py:488} INFO - Process each file at most once every 30 seconds
[2023-11-13T05:44:52.600+0000] {manager.py:489} INFO - Checking for new files in /opt/airflow/dags every 300 seconds
[2023-11-13T05:44:52.602+0000] {manager.py:755} INFO - Searching for files in /opt/airflow/dags
[2023-11-13T05:44:52.613+0000] {manager.py:758} INFO - There are 0 files in /opt/airflow/dags
[2023-11-13T05:49:53.487+0000] {manager.py:755} INFO - Searching for files in /opt/airflow/dags
[2023-11-13T05:49:53.497+0000] {manager.py:758} INFO - There are 0 files in /opt/airflow/dags
[2023-11-13T05:54:54.358+0000] {manager.py:755} INFO - Searching for files in /opt/airflow/dags
[2023-11-13T05:54:54.376+0000] {manager.py:758} INFO - There are 0 files in /opt/airflow/dags
[2023-11-13T05:59:55.215+0000] {manager.py:755} INFO - Searching for files in /opt/airflow/dags
[2023-11-13T05:59:55.238+0000] {manager.py:758} INFO - There are 0 files in /opt/airflow/dags
[2023-11-13T06:03:42.749+0000] {manager.py:469} INFO - Exiting gracefully upon receiving signal 15
[2023-11-13T06:04:18.893+0000] {manager.py:487} INFO - Processing files using up to 2 processes at a time 
[2023-11-13T06:04:18.895+0000] {manager.py:488} INFO - Process each file at most once every 30 seconds
[2023-11-13T06:04:18.896+0000] {manager.py:489} INFO - Checking for new files in /opt/airflow/dags every 300 seconds
[2023-11-13T06:04:18.897+0000] {manager.py:755} INFO - Searching for files in /opt/airflow/dags
[2023-11-13T06:04:18.918+0000] {manager.py:758} INFO - There are 1 files in /opt/airflow/dags
[2023-11-13T06:04:19.103+0000] {manager.py:887} INFO - 
================================================================================
DAG File Processing Stats

File Path                    PID  Runtime      # DAGs    # Errors  Last Runtime    Last Run
-------------------------  -----  ---------  --------  ----------  --------------  ----------
/opt/airflow/dags/test.py    175  0.05s             0           0
================================================================================
[2023-11-13T06:04:49.341+0000] {manager.py:887} INFO - 
================================================================================
DAG File Processing Stats

File Path                  PID    Runtime      # DAGs    # Errors  Last Runtime    Last Run
-------------------------  -----  ---------  --------  ----------  --------------  -------------------
/opt/airflow/dags/test.py                           1           0  0.48s           2023-11-13T06:04:19
================================================================================
[2023-11-13T06:05:19.413+0000] {manager.py:887} INFO - 
================================================================================
DAG File Processing Stats

File Path                  PID    Runtime      # DAGs    # Errors  Last Runtime    Last Run
-------------------------  -----  ---------  --------  ----------  --------------  -------------------
/opt/airflow/dags/test.py                           1           0  0.35s           2023-11-13T06:04:50
================================================================================
[2023-11-13T06:05:49.733+0000] {manager.py:887} INFO - 
================================================================================
DAG File Processing Stats

File Path                  PID    Runtime      # DAGs    # Errors  Last Runtime    Last Run
-------------------------  -----  ---------  --------  ----------  --------------  -------------------
/opt/airflow/dags/test.py                           1           0  0.40s           2023-11-13T06:05:20
================================================================================
[2023-11-13T06:06:20.500+0000] {manager.py:887} INFO - 
================================================================================
DAG File Processing Stats

File Path                  PID    Runtime      # DAGs    # Errors  Last Runtime    Last Run
-------------------------  -----  ---------  --------  ----------  --------------  -------------------
/opt/airflow/dags/test.py                           1           0  0.20s           2023-11-13T06:05:51
================================================================================
[2023-11-13T06:06:50.958+0000] {manager.py:887} INFO - 
================================================================================
DAG File Processing Stats

File Path                  PID    Runtime      # DAGs    # Errors  Last Runtime    Last Run
-------------------------  -----  ---------  --------  ----------  --------------  -------------------
/opt/airflow/dags/test.py                           1           0  0.31s           2023-11-13T06:06:21
================================================================================
[2023-11-13T06:07:21.442+0000] {manager.py:887} INFO - 
================================================================================
DAG File Processing Stats

File Path                  PID    Runtime      # DAGs    # Errors  Last Runtime    Last Run
-------------------------  -----  ---------  --------  ----------  --------------  -------------------
/opt/airflow/dags/test.py                           1           0  0.41s           2023-11-13T06:06:52
================================================================================
[2023-11-13T06:07:51.981+0000] {manager.py:887} INFO - 
================================================================================
DAG File Processing Stats

File Path                  PID    Runtime      # DAGs    # Errors  Last Runtime    Last Run
-------------------------  -----  ---------  --------  ----------  --------------  -------------------
/opt/airflow/dags/test.py                           1           0  0.35s           2023-11-13T06:07:22
================================================================================
[2023-11-13T06:08:22.386+0000] {manager.py:887} INFO - 
================================================================================
DAG File Processing Stats

File Path                  PID    Runtime      # DAGs    # Errors  Last Runtime    Last Run
-------------------------  -----  ---------  --------  ----------  --------------  -------------------
/opt/airflow/dags/test.py                           1           0  0.28s           2023-11-13T06:07:53
================================================================================
[2023-11-13T06:08:52.837+0000] {manager.py:887} INFO - 
================================================================================
DAG File Processing Stats

File Path                  PID    Runtime      # DAGs    # Errors  Last Runtime    Last Run
-------------------------  -----  ---------  --------  ----------  --------------  -------------------
/opt/airflow/dags/test.py                           1           0  0.28s           2023-11-13T06:08:23
================================================================================
[2023-11-13T06:09:19.191+0000] {manager.py:755} INFO - Searching for files in /opt/airflow/dags
[2023-11-13T06:09:19.388+0000] {manager.py:758} INFO - There are 1 files in /opt/airflow/dags
[2023-11-13T06:09:23.465+0000] {manager.py:887} INFO - 
================================================================================
DAG File Processing Stats

File Path                  PID    Runtime      # DAGs    # Errors  Last Runtime    Last Run
-------------------------  -----  ---------  --------  ----------  --------------  -------------------
/opt/airflow/dags/test.py                           1           0  0.27s           2023-11-13T06:08:54
================================================================================
[2023-11-13T09:19:45.136+0000] {manager.py:755} INFO - Searching for files in /opt/airflow/dags
[2023-11-13T09:19:42.869+0000] {manager.py:758} INFO - There are 1 files in /opt/airflow/dags
[2023-11-13T09:19:43.109+0000] {manager.py:887} INFO - 
================================================================================
DAG File Processing Stats

File Path                    PID  Runtime      # DAGs    # Errors  Last Runtime    Last Run
-------------------------  -----  ---------  --------  ----------  --------------  -------------------
/opt/airflow/dags/test.py   2461  0.03s             1           0  0.28s           2023-11-13T06:09:24
================================================================================
[2023-11-13T09:20:13.397+0000] {manager.py:887} INFO - 
================================================================================
DAG File Processing Stats

File Path                  PID    Runtime      # DAGs    # Errors  Last Runtime    Last Run
-------------------------  -----  ---------  --------  ----------  --------------  -------------------
/opt/airflow/dags/test.py                           1           0  1.02s           2023-11-13T09:19:44
================================================================================
[2023-11-13T09:20:43.710+0000] {manager.py:887} INFO - 
================================================================================
DAG File Processing Stats

File Path                  PID    Runtime      # DAGs    # Errors  Last Runtime    Last Run
-------------------------  -----  ---------  --------  ----------  --------------  -------------------
/opt/airflow/dags/test.py                           1           0  0.34s           2023-11-13T09:20:14
================================================================================
[2023-11-13T09:21:13.855+0000] {manager.py:887} INFO - 
================================================================================
DAG File Processing Stats

File Path                  PID    Runtime      # DAGs    # Errors  Last Runtime    Last Run
-------------------------  -----  ---------  --------  ----------  --------------  -------------------
/opt/airflow/dags/test.py                           1           0  0.47s           2023-11-13T09:20:45
================================================================================
[2023-11-13T09:21:44.165+0000] {manager.py:887} INFO - 
================================================================================
DAG File Processing Stats

File Path                  PID    Runtime      # DAGs    # Errors  Last Runtime    Last Run
-------------------------  -----  ---------  --------  ----------  --------------  -------------------
/opt/airflow/dags/test.py                           1           0  0.28s           2023-11-13T09:21:16
================================================================================
[2023-11-13T09:22:14.742+0000] {manager.py:887} INFO - 
================================================================================
DAG File Processing Stats

File Path                  PID    Runtime      # DAGs    # Errors  Last Runtime    Last Run
-------------------------  -----  ---------  --------  ----------  --------------  -------------------
/opt/airflow/dags/test.py                           1           0  0.30s           2023-11-13T09:21:46
================================================================================
[2023-11-13T09:22:45.082+0000] {manager.py:887} INFO - 
================================================================================
DAG File Processing Stats

File Path                  PID    Runtime      # DAGs    # Errors  Last Runtime    Last Run
-------------------------  -----  ---------  --------  ----------  --------------  -------------------
/opt/airflow/dags/test.py                           1           0  0.26s           2023-11-13T09:22:17
================================================================================
[2023-11-13T09:23:15.585+0000] {manager.py:887} INFO - 
================================================================================
DAG File Processing Stats

File Path                  PID    Runtime      # DAGs    # Errors  Last Runtime    Last Run
-------------------------  -----  ---------  --------  ----------  --------------  -------------------
/opt/airflow/dags/test.py                           1           0  0.26s           2023-11-13T09:22:47
================================================================================
[2023-11-13T09:23:45.936+0000] {manager.py:887} INFO - 
================================================================================
DAG File Processing Stats

File Path                  PID    Runtime      # DAGs    # Errors  Last Runtime    Last Run
-------------------------  -----  ---------  --------  ----------  --------------  -------------------
/opt/airflow/dags/test.py                           1           0  0.26s           2023-11-13T09:23:17
================================================================================
[2023-11-13T09:24:16.415+0000] {manager.py:887} INFO - 
================================================================================
DAG File Processing Stats

File Path                  PID    Runtime      # DAGs    # Errors  Last Runtime    Last Run
-------------------------  -----  ---------  --------  ----------  --------------  -------------------
/opt/airflow/dags/test.py                           1           0  0.25s           2023-11-13T09:23:48
================================================================================
[2023-11-13T09:24:45.662+0000] {manager.py:755} INFO - Searching for files in /opt/airflow/dags
[2023-11-13T09:24:45.721+0000] {manager.py:758} INFO - There are 1 files in /opt/airflow/dags
[2023-11-13T09:24:46.749+0000] {manager.py:887} INFO - 
================================================================================
DAG File Processing Stats

File Path                  PID    Runtime      # DAGs    # Errors  Last Runtime    Last Run
-------------------------  -----  ---------  --------  ----------  --------------  -------------------
/opt/airflow/dags/test.py                           1           0  0.17s           2023-11-13T09:24:18
================================================================================
[2023-11-13T09:25:17.073+0000] {manager.py:887} INFO - 
================================================================================
DAG File Processing Stats

File Path                  PID    Runtime      # DAGs    # Errors  Last Runtime    Last Run
-------------------------  -----  ---------  --------  ----------  --------------  -------------------
/opt/airflow/dags/test.py                           1           0  0.24s           2023-11-13T09:24:49
================================================================================
[2023-11-13T09:25:47.498+0000] {manager.py:887} INFO - 
================================================================================
DAG File Processing Stats

File Path                  PID    Runtime      # DAGs    # Errors  Last Runtime    Last Run
-------------------------  -----  ---------  --------  ----------  --------------  -------------------
/opt/airflow/dags/test.py                           1           0  0.23s           2023-11-13T09:25:19
================================================================================
[2023-11-13T09:26:17.846+0000] {manager.py:887} INFO - 
================================================================================
DAG File Processing Stats

File Path                  PID    Runtime      # DAGs    # Errors  Last Runtime    Last Run
-------------------------  -----  ---------  --------  ----------  --------------  -------------------
/opt/airflow/dags/test.py                           1           0  0.24s           2023-11-13T09:25:49
================================================================================
[2023-11-13T09:26:48.304+0000] {manager.py:887} INFO - 
================================================================================
DAG File Processing Stats

File Path                  PID    Runtime      # DAGs    # Errors  Last Runtime    Last Run
-------------------------  -----  ---------  --------  ----------  --------------  -------------------
/opt/airflow/dags/test.py                           1           0  0.28s           2023-11-13T09:26:20
================================================================================
[2023-11-13T09:27:18.691+0000] {manager.py:887} INFO - 
================================================================================
DAG File Processing Stats

File Path                  PID    Runtime      # DAGs    # Errors  Last Runtime    Last Run
-------------------------  -----  ---------  --------  ----------  --------------  -------------------
/opt/airflow/dags/test.py                           1           0  0.25s           2023-11-13T09:26:50
================================================================================
[2023-11-13T09:27:49.143+0000] {manager.py:887} INFO - 
================================================================================
DAG File Processing Stats

File Path                  PID    Runtime      # DAGs    # Errors  Last Runtime    Last Run
-------------------------  -----  ---------  --------  ----------  --------------  -------------------
/opt/airflow/dags/test.py                           1           0  0.26s           2023-11-13T09:27:20
================================================================================
[2023-11-13T09:28:19.547+0000] {manager.py:887} INFO - 
================================================================================
DAG File Processing Stats

File Path                  PID    Runtime      # DAGs    # Errors  Last Runtime    Last Run
-------------------------  -----  ---------  --------  ----------  --------------  -------------------
/opt/airflow/dags/test.py                           1           0  0.34s           2023-11-13T09:27:51
================================================================================
[2023-11-13T09:28:50.078+0000] {manager.py:887} INFO - 
================================================================================
DAG File Processing Stats

File Path                  PID    Runtime      # DAGs    # Errors  Last Runtime    Last Run
-------------------------  -----  ---------  --------  ----------  --------------  -------------------
/opt/airflow/dags/test.py                           1           0  0.24s           2023-11-13T09:28:21
================================================================================
[2023-11-13T09:29:20.431+0000] {manager.py:887} INFO - 
================================================================================
DAG File Processing Stats

File Path                  PID    Runtime      # DAGs    # Errors  Last Runtime    Last Run
-------------------------  -----  ---------  --------  ----------  --------------  -------------------
/opt/airflow/dags/test.py                           1           0  0.23s           2023-11-13T09:28:52
================================================================================
[2023-11-13T09:29:45.832+0000] {manager.py:755} INFO - Searching for files in /opt/airflow/dags
[2023-11-13T09:29:45.915+0000] {manager.py:758} INFO - There are 1 files in /opt/airflow/dags
[2023-11-13T09:29:50.988+0000] {manager.py:887} INFO - 
================================================================================
DAG File Processing Stats

File Path                  PID    Runtime      # DAGs    # Errors  Last Runtime    Last Run
-------------------------  -----  ---------  --------  ----------  --------------  -------------------
/opt/airflow/dags/test.py                           1           0  0.27s           2023-11-13T09:29:22
================================================================================
[2023-11-13T09:30:21.314+0000] {manager.py:887} INFO - 
================================================================================
DAG File Processing Stats

File Path                  PID    Runtime      # DAGs    # Errors  Last Runtime    Last Run
-------------------------  -----  ---------  --------  ----------  --------------  -------------------
/opt/airflow/dags/test.py                           1           0  0.24s           2023-11-13T09:29:53
================================================================================
[2023-11-13T09:30:51.807+0000] {manager.py:887} INFO - 
================================================================================
DAG File Processing Stats

File Path                  PID    Runtime      # DAGs    # Errors  Last Runtime    Last Run
-------------------------  -----  ---------  --------  ----------  --------------  -------------------
/opt/airflow/dags/test.py                           1           0  0.26s           2023-11-13T09:30:23
================================================================================
[2023-11-13T09:31:22.136+0000] {manager.py:887} INFO - 
================================================================================
DAG File Processing Stats

File Path                  PID    Runtime      # DAGs    # Errors  Last Runtime    Last Run
-------------------------  -----  ---------  --------  ----------  --------------  -------------------
/opt/airflow/dags/test.py                           1           0  0.27s           2023-11-13T09:30:54
================================================================================
[2023-11-13T09:31:52.669+0000] {manager.py:887} INFO - 
================================================================================
DAG File Processing Stats

File Path                  PID    Runtime      # DAGs    # Errors  Last Runtime    Last Run
-------------------------  -----  ---------  --------  ----------  --------------  -------------------
/opt/airflow/dags/test.py                           1           0  0.28s           2023-11-13T09:31:24
================================================================================
[2023-11-13T09:32:22.984+0000] {manager.py:887} INFO - 
================================================================================
DAG File Processing Stats

File Path                  PID    Runtime      # DAGs    # Errors  Last Runtime    Last Run
-------------------------  -----  ---------  --------  ----------  --------------  -------------------
/opt/airflow/dags/test.py                           1           0  0.27s           2023-11-13T09:31:54
================================================================================
[2023-11-13T09:32:53.553+0000] {manager.py:887} INFO - 
================================================================================
DAG File Processing Stats

File Path                  PID    Runtime      # DAGs    # Errors  Last Runtime    Last Run
-------------------------  -----  ---------  --------  ----------  --------------  -------------------
/opt/airflow/dags/test.py                           1           0  0.27s           2023-11-13T09:32:25
================================================================================
[2023-11-13T09:33:23.860+0000] {manager.py:887} INFO - 
================================================================================
DAG File Processing Stats

File Path                  PID    Runtime      # DAGs    # Errors  Last Runtime    Last Run
-------------------------  -----  ---------  --------  ----------  --------------  -------------------
/opt/airflow/dags/test.py                           1           0  0.27s           2023-11-13T09:32:55
================================================================================
[2023-11-13T09:33:54.418+0000] {manager.py:887} INFO - 
================================================================================
DAG File Processing Stats

File Path                  PID    Runtime      # DAGs    # Errors  Last Runtime    Last Run
-------------------------  -----  ---------  --------  ----------  --------------  -------------------
/opt/airflow/dags/test.py                           1           0  0.31s           2023-11-13T09:33:26
================================================================================
[2023-11-13T09:34:24.742+0000] {manager.py:887} INFO - 
================================================================================
DAG File Processing Stats

File Path                  PID    Runtime      # DAGs    # Errors  Last Runtime    Last Run
-------------------------  -----  ---------  --------  ----------  --------------  -------------------
/opt/airflow/dags/test.py                           1           0  0.25s           2023-11-13T09:33:56
================================================================================
[2023-11-13T09:34:46.163+0000] {manager.py:755} INFO - Searching for files in /opt/airflow/dags
[2023-11-13T09:34:46.253+0000] {manager.py:758} INFO - There are 1 files in /opt/airflow/dags
[2023-11-13T09:34:55.371+0000] {manager.py:887} INFO - 
================================================================================
DAG File Processing Stats

File Path                  PID    Runtime      # DAGs    # Errors  Last Runtime    Last Run
-------------------------  -----  ---------  --------  ----------  --------------  -------------------
/opt/airflow/dags/test.py                           1           0  0.26s           2023-11-13T09:34:27
================================================================================
[2023-11-13T09:35:25.703+0000] {manager.py:887} INFO - 
================================================================================
DAG File Processing Stats

File Path                  PID    Runtime      # DAGs    # Errors  Last Runtime    Last Run
-------------------------  -----  ---------  --------  ----------  --------------  -------------------
/opt/airflow/dags/test.py                           1           0  0.25s           2023-11-13T09:34:57
================================================================================
[2023-11-13T09:35:56.231+0000] {manager.py:887} INFO - 
================================================================================
DAG File Processing Stats

File Path                  PID    Runtime      # DAGs    # Errors  Last Runtime    Last Run
-------------------------  -----  ---------  --------  ----------  --------------  -------------------
/opt/airflow/dags/test.py                           1           0  0.27s           2023-11-13T09:35:28
================================================================================
[2023-11-13T09:36:26.572+0000] {manager.py:887} INFO - 
================================================================================
DAG File Processing Stats

File Path                  PID    Runtime      # DAGs    # Errors  Last Runtime    Last Run
-------------------------  -----  ---------  --------  ----------  --------------  -------------------
/opt/airflow/dags/test.py                           1           0  0.29s           2023-11-13T09:35:58
================================================================================
[2023-11-13T09:36:57.110+0000] {manager.py:887} INFO - 
================================================================================
DAG File Processing Stats

File Path                  PID    Runtime      # DAGs    # Errors  Last Runtime    Last Run
-------------------------  -----  ---------  --------  ----------  --------------  -------------------
/opt/airflow/dags/test.py                           1           0  0.28s           2023-11-13T09:36:28
================================================================================
[2023-11-13T09:37:27.444+0000] {manager.py:887} INFO - 
================================================================================
DAG File Processing Stats

File Path                  PID    Runtime      # DAGs    # Errors  Last Runtime    Last Run
-------------------------  -----  ---------  --------  ----------  --------------  -------------------
/opt/airflow/dags/test.py                           1           0  0.26s           2023-11-13T09:36:59
================================================================================
[2023-11-13T09:37:57.962+0000] {manager.py:887} INFO - 
================================================================================
DAG File Processing Stats

File Path                  PID    Runtime      # DAGs    # Errors  Last Runtime    Last Run
-------------------------  -----  ---------  --------  ----------  --------------  -------------------
/opt/airflow/dags/test.py                           1           0  0.29s           2023-11-13T09:37:29
================================================================================
[2023-11-13T09:38:28.306+0000] {manager.py:887} INFO - 
================================================================================
DAG File Processing Stats

File Path                  PID    Runtime      # DAGs    # Errors  Last Runtime    Last Run
-------------------------  -----  ---------  --------  ----------  --------------  -------------------
/opt/airflow/dags/test.py                           1           0  0.28s           2023-11-13T09:38:00
================================================================================
[2023-11-13T09:38:58.828+0000] {manager.py:887} INFO - 
================================================================================
DAG File Processing Stats

File Path                  PID    Runtime      # DAGs    # Errors  Last Runtime    Last Run
-------------------------  -----  ---------  --------  ----------  --------------  -------------------
/opt/airflow/dags/test.py                           1           0  0.27s           2023-11-13T09:38:30
================================================================================
[2023-11-13T09:39:29.146+0000] {manager.py:887} INFO - 
================================================================================
DAG File Processing Stats

File Path                  PID    Runtime      # DAGs    # Errors  Last Runtime    Last Run
-------------------------  -----  ---------  --------  ----------  --------------  -------------------
/opt/airflow/dags/test.py                           1           0  0.22s           2023-11-13T09:39:01
================================================================================
[2023-11-13T09:39:46.502+0000] {manager.py:755} INFO - Searching for files in /opt/airflow/dags
[2023-11-13T09:39:46.583+0000] {manager.py:758} INFO - There are 1 files in /opt/airflow/dags
[2023-11-13T09:39:59.732+0000] {manager.py:887} INFO - 
================================================================================
DAG File Processing Stats

File Path                  PID    Runtime      # DAGs    # Errors  Last Runtime    Last Run
-------------------------  -----  ---------  --------  ----------  --------------  -------------------
/opt/airflow/dags/test.py                           1           0  0.29s           2023-11-13T09:39:31
================================================================================
[2023-11-13T09:40:30.061+0000] {manager.py:887} INFO - 
================================================================================
DAG File Processing Stats

File Path                  PID    Runtime      # DAGs    # Errors  Last Runtime    Last Run
-------------------------  -----  ---------  --------  ----------  --------------  -------------------
/opt/airflow/dags/test.py                           1           0  0.27s           2023-11-13T09:40:02
================================================================================
[2023-11-13T09:41:00.587+0000] {manager.py:887} INFO - 
================================================================================
DAG File Processing Stats

File Path                  PID    Runtime      # DAGs    # Errors  Last Runtime    Last Run
-------------------------  -----  ---------  --------  ----------  --------------  -------------------
/opt/airflow/dags/test.py                           1           0  0.24s           2023-11-13T09:40:32
================================================================================
[2023-11-13T09:41:30.900+0000] {manager.py:887} INFO - 
================================================================================
DAG File Processing Stats

File Path                  PID    Runtime      # DAGs    # Errors  Last Runtime    Last Run
-------------------------  -----  ---------  --------  ----------  --------------  -------------------
/opt/airflow/dags/test.py                           1           0  0.28s           2023-11-13T09:41:02
================================================================================
[2023-11-13T09:42:01.441+0000] {manager.py:887} INFO - 
================================================================================
DAG File Processing Stats

File Path                  PID    Runtime      # DAGs    # Errors  Last Runtime    Last Run
-------------------------  -----  ---------  --------  ----------  --------------  -------------------
/opt/airflow/dags/test.py                           1           0  0.24s           2023-11-13T09:41:33
================================================================================
[2023-11-13T09:42:31.760+0000] {manager.py:887} INFO - 
================================================================================
DAG File Processing Stats

File Path                  PID    Runtime      # DAGs    # Errors  Last Runtime    Last Run
-------------------------  -----  ---------  --------  ----------  --------------  -------------------
/opt/airflow/dags/test.py                           1           0  0.33s           2023-11-13T09:42:03
================================================================================
[2023-11-13T09:43:02.376+0000] {manager.py:887} INFO - 
================================================================================
DAG File Processing Stats

File Path                  PID    Runtime      # DAGs    # Errors  Last Runtime    Last Run
-------------------------  -----  ---------  --------  ----------  --------------  -------------------
/opt/airflow/dags/test.py                           1           0  0.29s           2023-11-13T09:42:34
================================================================================
[2023-11-13T09:43:32.965+0000] {manager.py:887} INFO - 
================================================================================
DAG File Processing Stats

File Path                  PID    Runtime      # DAGs    # Errors  Last Runtime    Last Run
-------------------------  -----  ---------  --------  ----------  --------------  -------------------
/opt/airflow/dags/test.py                           1           0  0.30s           2023-11-13T09:43:04
================================================================================
[2023-11-13T09:44:03.274+0000] {manager.py:887} INFO - 
================================================================================
DAG File Processing Stats

File Path                  PID    Runtime      # DAGs    # Errors  Last Runtime    Last Run
-------------------------  -----  ---------  --------  ----------  --------------  -------------------
/opt/airflow/dags/test.py                           1           0  0.25s           2023-11-13T09:43:35
================================================================================
[2023-11-13T09:44:33.787+0000] {manager.py:887} INFO - 
================================================================================
DAG File Processing Stats

File Path                  PID    Runtime      # DAGs    # Errors  Last Runtime    Last Run
-------------------------  -----  ---------  --------  ----------  --------------  -------------------
/opt/airflow/dags/test.py                           1           0  0.27s           2023-11-13T09:44:05
================================================================================
[2023-11-13T09:44:46.953+0000] {manager.py:755} INFO - Searching for files in /opt/airflow/dags
[2023-11-13T09:44:47.026+0000] {manager.py:758} INFO - There are 1 files in /opt/airflow/dags
[2023-11-13T09:45:04.208+0000] {manager.py:887} INFO - 
================================================================================
DAG File Processing Stats

File Path                  PID    Runtime      # DAGs    # Errors  Last Runtime    Last Run
-------------------------  -----  ---------  --------  ----------  --------------  -------------------
/opt/airflow/dags/test.py                           1           0  0.27s           2023-11-13T09:44:36
================================================================================
[2023-11-13T09:45:34.649+0000] {manager.py:887} INFO - 
================================================================================
DAG File Processing Stats

File Path                  PID    Runtime      # DAGs    # Errors  Last Runtime    Last Run
-------------------------  -----  ---------  --------  ----------  --------------  -------------------
/opt/airflow/dags/test.py                           1           0  0.29s           2023-11-13T09:45:06
================================================================================
[2023-11-13T09:46:05.090+0000] {manager.py:887} INFO - 
================================================================================
DAG File Processing Stats

File Path                  PID    Runtime      # DAGs    # Errors  Last Runtime    Last Run
-------------------------  -----  ---------  --------  ----------  --------------  -------------------
/opt/airflow/dags/test.py                           1           0  0.26s           2023-11-13T09:45:36
================================================================================
[2023-11-13T09:46:35.492+0000] {manager.py:887} INFO - 
================================================================================
DAG File Processing Stats

File Path                  PID    Runtime      # DAGs    # Errors  Last Runtime    Last Run
-------------------------  -----  ---------  --------  ----------  --------------  -------------------
/opt/airflow/dags/test.py                           1           0  0.31s           2023-11-13T09:46:07
================================================================================
[2023-11-13T09:47:05.977+0000] {manager.py:887} INFO - 
================================================================================
DAG File Processing Stats

File Path                  PID    Runtime      # DAGs    # Errors  Last Runtime    Last Run
-------------------------  -----  ---------  --------  ----------  --------------  -------------------
/opt/airflow/dags/test.py                           1           0  0.28s           2023-11-13T09:46:37
================================================================================
[2023-11-13T09:47:36.353+0000] {manager.py:887} INFO - 
================================================================================
DAG File Processing Stats

File Path                  PID    Runtime      # DAGs    # Errors  Last Runtime    Last Run
-------------------------  -----  ---------  --------  ----------  --------------  -------------------
/opt/airflow/dags/test.py                           1           0  0.25s           2023-11-13T09:47:08
================================================================================
[2023-11-13T09:48:06.815+0000] {manager.py:887} INFO - 
================================================================================
DAG File Processing Stats

File Path                  PID    Runtime      # DAGs    # Errors  Last Runtime    Last Run
-------------------------  -----  ---------  --------  ----------  --------------  -------------------
/opt/airflow/dags/test.py                           1           0  0.25s           2023-11-13T09:47:38
================================================================================
[2023-11-13T09:48:37.185+0000] {manager.py:887} INFO - 
================================================================================
DAG File Processing Stats

File Path                  PID    Runtime      # DAGs    # Errors  Last Runtime    Last Run
-------------------------  -----  ---------  --------  ----------  --------------  -------------------
/opt/airflow/dags/test.py                           1           0  0.26s           2023-11-13T09:48:09
================================================================================
[2023-11-13T09:49:07.653+0000] {manager.py:887} INFO - 
================================================================================
DAG File Processing Stats

File Path                  PID    Runtime      # DAGs    # Errors  Last Runtime    Last Run
-------------------------  -----  ---------  --------  ----------  --------------  -------------------
/opt/airflow/dags/test.py                           1           0  0.25s           2023-11-13T09:48:39
================================================================================
[2023-11-13T09:49:38.023+0000] {manager.py:887} INFO - 
================================================================================
DAG File Processing Stats

File Path                  PID    Runtime      # DAGs    # Errors  Last Runtime    Last Run
-------------------------  -----  ---------  --------  ----------  --------------  -------------------
/opt/airflow/dags/test.py                           1           0  0.29s           2023-11-13T09:49:09
================================================================================
[2023-11-13T09:49:47.314+0000] {manager.py:755} INFO - Searching for files in /opt/airflow/dags
[2023-11-13T09:49:47.377+0000] {manager.py:758} INFO - There are 1 files in /opt/airflow/dags
[2023-11-13T09:50:08.608+0000] {manager.py:887} INFO - 
================================================================================
DAG File Processing Stats

File Path                  PID    Runtime      # DAGs    # Errors  Last Runtime    Last Run
-------------------------  -----  ---------  --------  ----------  --------------  -------------------
/opt/airflow/dags/test.py                           1           0  0.26s           2023-11-13T09:49:40
================================================================================
[2023-11-13T09:50:38.923+0000] {manager.py:887} INFO - 
================================================================================
DAG File Processing Stats

File Path                  PID    Runtime      # DAGs    # Errors  Last Runtime    Last Run
-------------------------  -----  ---------  --------  ----------  --------------  -------------------
/opt/airflow/dags/test.py                           1           0  0.28s           2023-11-13T09:50:10
================================================================================
[2023-11-13T09:51:09.453+0000] {manager.py:887} INFO - 
================================================================================
DAG File Processing Stats

File Path                  PID    Runtime      # DAGs    # Errors  Last Runtime    Last Run
-------------------------  -----  ---------  --------  ----------  --------------  -------------------
/opt/airflow/dags/test.py                           1           0  0.31s           2023-11-13T09:50:41
================================================================================
[2023-11-13T09:51:39.843+0000] {manager.py:887} INFO - 
================================================================================
DAG File Processing Stats

File Path                  PID    Runtime      # DAGs    # Errors  Last Runtime    Last Run
-------------------------  -----  ---------  --------  ----------  --------------  -------------------
/opt/airflow/dags/test.py                           1           0  0.28s           2023-11-13T09:51:11
================================================================================
[2023-11-13T09:52:10.304+0000] {manager.py:887} INFO - 
================================================================================
DAG File Processing Stats

File Path                  PID    Runtime      # DAGs    # Errors  Last Runtime    Last Run
-------------------------  -----  ---------  --------  ----------  --------------  -------------------
/opt/airflow/dags/test.py                           1           0  0.24s           2023-11-13T09:51:42
================================================================================
[2023-11-13T09:52:40.633+0000] {manager.py:887} INFO - 
================================================================================
DAG File Processing Stats

File Path                  PID    Runtime      # DAGs    # Errors  Last Runtime    Last Run
-------------------------  -----  ---------  --------  ----------  --------------  -------------------
/opt/airflow/dags/test.py                           1           0  0.25s           2023-11-13T09:52:12
================================================================================
[2023-11-13T09:53:11.092+0000] {manager.py:887} INFO - 
================================================================================
DAG File Processing Stats

File Path                  PID    Runtime      # DAGs    # Errors  Last Runtime    Last Run
-------------------------  -----  ---------  --------  ----------  --------------  -------------------
/opt/airflow/dags/test.py                           1           0  0.24s           2023-11-13T09:52:42
================================================================================
[2023-11-13T09:53:41.450+0000] {manager.py:887} INFO - 
================================================================================
DAG File Processing Stats

File Path                  PID    Runtime      # DAGs    # Errors  Last Runtime    Last Run
-------------------------  -----  ---------  --------  ----------  --------------  -------------------
/opt/airflow/dags/test.py                           1           0  0.29s           2023-11-13T09:53:13
================================================================================
[2023-11-13T09:54:11.948+0000] {manager.py:887} INFO - 
================================================================================
DAG File Processing Stats

File Path                  PID    Runtime      # DAGs    # Errors  Last Runtime    Last Run
-------------------------  -----  ---------  --------  ----------  --------------  -------------------
/opt/airflow/dags/test.py                           1           0  0.28s           2023-11-13T09:53:43
================================================================================
[2023-11-13T09:54:42.270+0000] {manager.py:887} INFO - 
================================================================================
DAG File Processing Stats

File Path                  PID    Runtime      # DAGs    # Errors  Last Runtime    Last Run
-------------------------  -----  ---------  --------  ----------  --------------  -------------------
/opt/airflow/dags/test.py                           1           0  0.31s           2023-11-13T09:54:14
================================================================================
[2023-11-13T09:54:47.622+0000] {manager.py:755} INFO - Searching for files in /opt/airflow/dags
[2023-11-13T09:54:47.684+0000] {manager.py:758} INFO - There are 1 files in /opt/airflow/dags
[2023-11-13T09:55:12.941+0000] {manager.py:887} INFO - 
================================================================================
DAG File Processing Stats

File Path                  PID    Runtime      # DAGs    # Errors  Last Runtime    Last Run
-------------------------  -----  ---------  --------  ----------  --------------  -------------------
/opt/airflow/dags/test.py                           1           0  0.28s           2023-11-13T09:54:44
================================================================================
[2023-11-13T09:55:43.388+0000] {manager.py:887} INFO - 
================================================================================
DAG File Processing Stats

File Path                  PID    Runtime      # DAGs    # Errors  Last Runtime    Last Run
-------------------------  -----  ---------  --------  ----------  --------------  -------------------
/opt/airflow/dags/test.py                           1           0  0.28s           2023-11-13T09:55:15
================================================================================
[2023-11-13T09:56:13.773+0000] {manager.py:887} INFO - 
================================================================================
DAG File Processing Stats

File Path                  PID    Runtime      # DAGs    # Errors  Last Runtime    Last Run
-------------------------  -----  ---------  --------  ----------  --------------  -------------------
/opt/airflow/dags/test.py                           1           0  0.23s           2023-11-13T09:55:45
================================================================================
[2023-11-13T09:56:44.177+0000] {manager.py:887} INFO - 
================================================================================
DAG File Processing Stats

File Path                  PID    Runtime      # DAGs    # Errors  Last Runtime    Last Run
-------------------------  -----  ---------  --------  ----------  --------------  -------------------
/opt/airflow/dags/test.py                           1           0  0.27s           2023-11-13T09:56:16
================================================================================
[2023-11-13T09:57:14.614+0000] {manager.py:887} INFO - 
================================================================================
DAG File Processing Stats

File Path                  PID    Runtime      # DAGs    # Errors  Last Runtime    Last Run
-------------------------  -----  ---------  --------  ----------  --------------  -------------------
/opt/airflow/dags/test.py                           1           0  0.27s           2023-11-13T09:56:46
================================================================================
[2023-11-13T09:57:45.018+0000] {manager.py:887} INFO - 
================================================================================
DAG File Processing Stats

File Path                  PID    Runtime      # DAGs    # Errors  Last Runtime    Last Run
-------------------------  -----  ---------  --------  ----------  --------------  -------------------
/opt/airflow/dags/test.py                           1           0  0.32s           2023-11-13T09:57:16
================================================================================
[2023-11-13T09:58:15.510+0000] {manager.py:887} INFO - 
================================================================================
DAG File Processing Stats

File Path                  PID    Runtime      # DAGs    # Errors  Last Runtime    Last Run
-------------------------  -----  ---------  --------  ----------  --------------  -------------------
/opt/airflow/dags/test.py                           1           0  0.24s           2023-11-13T09:57:47
================================================================================
[2023-11-13T09:58:45.818+0000] {manager.py:887} INFO - 
================================================================================
DAG File Processing Stats

File Path                  PID    Runtime      # DAGs    # Errors  Last Runtime    Last Run
-------------------------  -----  ---------  --------  ----------  --------------  -------------------
/opt/airflow/dags/test.py                           1           0  0.23s           2023-11-13T09:58:17
================================================================================
[2023-11-13T09:59:16.370+0000] {manager.py:887} INFO - 
================================================================================
DAG File Processing Stats

File Path                  PID    Runtime      # DAGs    # Errors  Last Runtime    Last Run
-------------------------  -----  ---------  --------  ----------  --------------  -------------------
/opt/airflow/dags/test.py                           1           0  0.21s           2023-11-13T09:58:48
================================================================================
[2023-11-13T09:59:46.695+0000] {manager.py:887} INFO - 
================================================================================
DAG File Processing Stats

File Path                  PID    Runtime      # DAGs    # Errors  Last Runtime    Last Run
-------------------------  -----  ---------  --------  ----------  --------------  -------------------
/opt/airflow/dags/test.py                           1           0  0.26s           2023-11-13T09:59:18
================================================================================
[2023-11-13T09:59:47.702+0000] {manager.py:755} INFO - Searching for files in /opt/airflow/dags
[2023-11-13T09:59:47.770+0000] {manager.py:758} INFO - There are 1 files in /opt/airflow/dags
[2023-11-13T10:00:17.226+0000] {manager.py:887} INFO - 
================================================================================
DAG File Processing Stats

File Path                  PID    Runtime      # DAGs    # Errors  Last Runtime    Last Run
-------------------------  -----  ---------  --------  ----------  --------------  -------------------
/opt/airflow/dags/test.py                           1           0  0.24s           2023-11-13T09:59:49
================================================================================
[2023-11-13T10:00:47.580+0000] {manager.py:887} INFO - 
================================================================================
DAG File Processing Stats

File Path                  PID    Runtime      # DAGs    # Errors  Last Runtime    Last Run
-------------------------  -----  ---------  --------  ----------  --------------  -------------------
/opt/airflow/dags/test.py                           1           0  0.24s           2023-11-13T10:00:19
================================================================================
[2023-11-13T10:01:18.014+0000] {manager.py:887} INFO - 
================================================================================
DAG File Processing Stats

File Path                  PID    Runtime      # DAGs    # Errors  Last Runtime    Last Run
-------------------------  -----  ---------  --------  ----------  --------------  -------------------
/opt/airflow/dags/test.py                           1           0  0.24s           2023-11-13T10:00:49
================================================================================
[2023-11-13T10:01:48.351+0000] {manager.py:887} INFO - 
================================================================================
DAG File Processing Stats

File Path                  PID    Runtime      # DAGs    # Errors  Last Runtime    Last Run
-------------------------  -----  ---------  --------  ----------  --------------  -------------------
/opt/airflow/dags/test.py                           1           0  0.24s           2023-11-13T10:01:20
================================================================================
[2023-11-13T10:02:18.784+0000] {manager.py:887} INFO - 
================================================================================
DAG File Processing Stats

File Path                  PID    Runtime      # DAGs    # Errors  Last Runtime    Last Run
-------------------------  -----  ---------  --------  ----------  --------------  -------------------
/opt/airflow/dags/test.py                           1           0  0.23s           2023-11-13T10:01:50
================================================================================
[2023-11-13T10:02:44.053+0000] {manager.py:469} INFO - Exiting gracefully upon receiving signal 15
[2023-11-30T05:47:45.629+0000] {manager.py:487} INFO - Processing files using up to 2 processes at a time 
[2023-11-30T05:47:45.632+0000] {manager.py:488} INFO - Process each file at most once every 30 seconds
[2023-11-30T05:47:45.633+0000] {manager.py:489} INFO - Checking for new files in /opt/airflow/dags every 300 seconds
[2023-11-30T05:47:45.635+0000] {manager.py:755} INFO - Searching for files in /opt/airflow/dags
[2023-11-30T05:47:45.701+0000] {manager.py:758} INFO - There are 1 files in /opt/airflow/dags
[2023-11-30T05:47:45.875+0000] {manager.py:887} INFO - 
================================================================================
DAG File Processing Stats

File Path                    PID  Runtime      # DAGs    # Errors  Last Runtime    Last Run
-------------------------  -----  ---------  --------  ----------  --------------  ----------
/opt/airflow/dags/test.py    176  0.06s             0           0
================================================================================
[2023-11-30T05:48:16.151+0000] {manager.py:887} INFO - 
================================================================================
DAG File Processing Stats

File Path                  PID    Runtime      # DAGs    # Errors  Last Runtime    Last Run
-------------------------  -----  ---------  --------  ----------  --------------  -------------------
/opt/airflow/dags/test.py                           1           0  0.47s           2023-11-30T05:47:46
================================================================================
[2023-11-30T05:48:46.848+0000] {manager.py:887} INFO - 
================================================================================
DAG File Processing Stats

File Path                  PID    Runtime      # DAGs    # Errors  Last Runtime    Last Run
-------------------------  -----  ---------  --------  ----------  --------------  -------------------
/opt/airflow/dags/test.py                           1           0  0.33s           2023-11-30T05:48:16
================================================================================
[2023-11-30T05:49:17.474+0000] {manager.py:887} INFO - 
================================================================================
DAG File Processing Stats

File Path                    PID  Runtime      # DAGs    # Errors  Last Runtime    Last Run
-------------------------  -----  ---------  --------  ----------  --------------  -------------------
/opt/airflow/dags/test.py    297  0.00s             1           0  0.26s           2023-11-30T05:48:47
================================================================================
[2023-11-30T05:49:47.781+0000] {manager.py:887} INFO - 
================================================================================
DAG File Processing Stats

File Path                    PID  Runtime      # DAGs    # Errors  Last Runtime    Last Run
-------------------------  -----  ---------  --------  ----------  --------------  -------------------
/opt/airflow/dags/test.py    309  0.00s             1           0  0.20s           2023-11-30T05:49:17
================================================================================
[2023-11-30T05:50:18.276+0000] {manager.py:887} INFO - 
================================================================================
DAG File Processing Stats

File Path                    PID  Runtime      # DAGs    # Errors  Last Runtime    Last Run
-------------------------  -----  ---------  --------  ----------  --------------  -------------------
/opt/airflow/dags/test.py    321  0.01s             1           0  0.26s           2023-11-30T05:49:48
================================================================================
[2023-11-30T05:50:48.607+0000] {manager.py:887} INFO - 
================================================================================
DAG File Processing Stats

File Path                    PID  Runtime      # DAGs    # Errors  Last Runtime    Last Run
-------------------------  -----  ---------  --------  ----------  --------------  -------------------
/opt/airflow/dags/test.py    333  0.00s             1           0  0.25s           2023-11-30T05:50:18
================================================================================
[2023-11-30T05:51:19.184+0000] {manager.py:887} INFO - 
================================================================================
DAG File Processing Stats

File Path                    PID  Runtime      # DAGs    # Errors  Last Runtime    Last Run
-------------------------  -----  ---------  --------  ----------  --------------  -------------------
/opt/airflow/dags/test.py    345  0.01s             1           0  0.24s           2023-11-30T05:50:48
================================================================================
[2023-11-30T05:51:49.546+0000] {manager.py:887} INFO - 
================================================================================
DAG File Processing Stats

File Path                    PID  Runtime      # DAGs    # Errors  Last Runtime    Last Run
-------------------------  -----  ---------  --------  ----------  --------------  -------------------
/opt/airflow/dags/test.py    357  0.01s             1           0  0.34s           2023-11-30T05:51:19
================================================================================
[2023-11-30T05:52:20.104+0000] {manager.py:887} INFO - 
================================================================================
DAG File Processing Stats

File Path                    PID  Runtime      # DAGs    # Errors  Last Runtime    Last Run
-------------------------  -----  ---------  --------  ----------  --------------  -------------------
/opt/airflow/dags/test.py    369  0.01s             1           0  0.28s           2023-11-30T05:51:49
================================================================================
[2023-11-30T05:52:46.377+0000] {manager.py:755} INFO - Searching for files in /opt/airflow/dags
[2023-11-30T05:52:46.435+0000] {manager.py:758} INFO - There are 1 files in /opt/airflow/dags
[2023-11-30T05:52:50.518+0000] {manager.py:887} INFO - 
================================================================================
DAG File Processing Stats

File Path                    PID  Runtime      # DAGs    # Errors  Last Runtime    Last Run
-------------------------  -----  ---------  --------  ----------  --------------  -------------------
/opt/airflow/dags/test.py    381  0.01s             1           0  0.25s           2023-11-30T05:52:20
================================================================================
[2023-11-30T05:53:20.967+0000] {manager.py:887} INFO - 
================================================================================
DAG File Processing Stats

File Path                    PID  Runtime      # DAGs    # Errors  Last Runtime    Last Run
-------------------------  -----  ---------  --------  ----------  --------------  -------------------
/opt/airflow/dags/test.py    393  0.01s             1           0  0.26s           2023-11-30T05:52:50
================================================================================
[2023-11-30T05:53:51.367+0000] {manager.py:887} INFO - 
================================================================================
DAG File Processing Stats

File Path                    PID  Runtime      # DAGs    # Errors  Last Runtime    Last Run
-------------------------  -----  ---------  --------  ----------  --------------  -------------------
/opt/airflow/dags/test.py    405  0.01s             1           0  0.32s           2023-11-30T05:53:21
================================================================================
[2023-11-30T05:54:21.851+0000] {manager.py:887} INFO - 
================================================================================
DAG File Processing Stats

File Path                    PID  Runtime      # DAGs    # Errors  Last Runtime    Last Run
-------------------------  -----  ---------  --------  ----------  --------------  -------------------
/opt/airflow/dags/test.py    417  0.01s             1           0  0.27s           2023-11-30T05:53:51
================================================================================
[2023-11-30T05:54:52.184+0000] {manager.py:887} INFO - 
================================================================================
DAG File Processing Stats

File Path                    PID  Runtime      # DAGs    # Errors  Last Runtime    Last Run
-------------------------  -----  ---------  --------  ----------  --------------  -------------------
/opt/airflow/dags/test.py    429  0.01s             1           0  0.23s           2023-11-30T05:54:22
================================================================================
[2023-11-30T05:55:22.639+0000] {manager.py:887} INFO - 
================================================================================
DAG File Processing Stats

File Path                    PID  Runtime      # DAGs    # Errors  Last Runtime    Last Run
-------------------------  -----  ---------  --------  ----------  --------------  -------------------
/opt/airflow/dags/test.py    442  0.00s             1           0  0.25s           2023-11-30T05:54:52
================================================================================
[2023-11-30T05:55:52.987+0000] {manager.py:887} INFO - 
================================================================================
DAG File Processing Stats

File Path                    PID  Runtime      # DAGs    # Errors  Last Runtime    Last Run
-------------------------  -----  ---------  --------  ----------  --------------  -------------------
/opt/airflow/dags/test.py    455  0.01s             1           0  0.24s           2023-11-30T05:55:22
================================================================================
[2023-11-30T05:56:23.445+0000] {manager.py:887} INFO - 
================================================================================
DAG File Processing Stats

File Path                    PID  Runtime      # DAGs    # Errors  Last Runtime    Last Run
-------------------------  -----  ---------  --------  ----------  --------------  -------------------
/opt/airflow/dags/test.py    467  0.01s             1           0  0.25s           2023-11-30T05:55:53
================================================================================
[2023-11-30T05:56:53.789+0000] {manager.py:887} INFO - 
================================================================================
DAG File Processing Stats

File Path                    PID  Runtime      # DAGs    # Errors  Last Runtime    Last Run
-------------------------  -----  ---------  --------  ----------  --------------  -------------------
/opt/airflow/dags/test.py    479  0.01s             1           0  0.26s           2023-11-30T05:56:23
================================================================================
[2023-11-30T05:57:24.275+0000] {manager.py:887} INFO - 
================================================================================
DAG File Processing Stats

File Path                    PID  Runtime      # DAGs    # Errors  Last Runtime    Last Run
-------------------------  -----  ---------  --------  ----------  --------------  -------------------
/opt/airflow/dags/test.py    491  0.01s             1           0  0.25s           2023-11-30T05:56:54
================================================================================
[2023-11-30T05:57:46.503+0000] {manager.py:755} INFO - Searching for files in /opt/airflow/dags
[2023-11-30T05:57:46.565+0000] {manager.py:758} INFO - There are 1 files in /opt/airflow/dags
[2023-11-30T05:57:54.679+0000] {manager.py:887} INFO - 
================================================================================
DAG File Processing Stats

File Path                    PID  Runtime      # DAGs    # Errors  Last Runtime    Last Run
-------------------------  -----  ---------  --------  ----------  --------------  -------------------
/opt/airflow/dags/test.py    503  0.01s             1           0  0.28s           2023-11-30T05:57:24
================================================================================
[2023-11-30T05:58:25.093+0000] {manager.py:887} INFO - 
================================================================================
DAG File Processing Stats

File Path                    PID  Runtime      # DAGs    # Errors  Last Runtime    Last Run
-------------------------  -----  ---------  --------  ----------  --------------  -------------------
/opt/airflow/dags/test.py    515  0.01s             1           0  0.25s           2023-11-30T05:57:54
================================================================================
[2023-11-30T05:58:55.494+0000] {manager.py:887} INFO - 
================================================================================
DAG File Processing Stats

File Path                    PID  Runtime      # DAGs    # Errors  Last Runtime    Last Run
-------------------------  -----  ---------  --------  ----------  --------------  -------------------
/opt/airflow/dags/test.py    527  0.01s             1           0  0.23s           2023-11-30T05:58:25
================================================================================
[2023-11-30T05:59:25.872+0000] {manager.py:887} INFO - 
================================================================================
DAG File Processing Stats

File Path                    PID  Runtime      # DAGs    # Errors  Last Runtime    Last Run
-------------------------  -----  ---------  --------  ----------  --------------  -------------------
/opt/airflow/dags/test.py    539  0.01s             1           0  0.24s           2023-11-30T05:58:55
================================================================================
[2023-11-30T05:59:56.297+0000] {manager.py:887} INFO - 
================================================================================
DAG File Processing Stats

File Path                    PID  Runtime      # DAGs    # Errors  Last Runtime    Last Run
-------------------------  -----  ---------  --------  ----------  --------------  -------------------
/opt/airflow/dags/test.py    551  0.01s             1           0  0.26s           2023-11-30T05:59:26
================================================================================
[2023-11-30T06:00:26.768+0000] {manager.py:887} INFO - 
================================================================================
DAG File Processing Stats

File Path                    PID  Runtime      # DAGs    # Errors  Last Runtime    Last Run
-------------------------  -----  ---------  --------  ----------  --------------  -------------------
/opt/airflow/dags/test.py    563  0.01s             1           0  0.23s           2023-11-30T05:59:56
================================================================================
[2023-11-30T06:00:57.154+0000] {manager.py:887} INFO - 
================================================================================
DAG File Processing Stats

File Path                    PID  Runtime      # DAGs    # Errors  Last Runtime    Last Run
-------------------------  -----  ---------  --------  ----------  --------------  -------------------
/opt/airflow/dags/test.py    576  0.01s             1           0  0.26s           2023-11-30T06:00:27
================================================================================
[2023-11-30T06:01:27.645+0000] {manager.py:887} INFO - 
================================================================================
DAG File Processing Stats

File Path                    PID  Runtime      # DAGs    # Errors  Last Runtime    Last Run
-------------------------  -----  ---------  --------  ----------  --------------  -------------------
/opt/airflow/dags/test.py    588  0.01s             1           0  0.26s           2023-11-30T06:00:57
================================================================================
[2023-11-30T06:01:58.033+0000] {manager.py:887} INFO - 
================================================================================
DAG File Processing Stats

File Path                    PID  Runtime      # DAGs    # Errors  Last Runtime    Last Run
-------------------------  -----  ---------  --------  ----------  --------------  -------------------
/opt/airflow/dags/test.py    600  0.01s             1           0  0.27s           2023-11-30T06:01:27
================================================================================
[2023-11-30T06:02:28.509+0000] {manager.py:887} INFO - 
================================================================================
DAG File Processing Stats

File Path                    PID  Runtime      # DAGs    # Errors  Last Runtime    Last Run
-------------------------  -----  ---------  --------  ----------  --------------  -------------------
/opt/airflow/dags/test.py    612  0.01s             1           0  0.28s           2023-11-30T06:01:58
================================================================================
[2023-11-30T06:02:46.743+0000] {manager.py:755} INFO - Searching for files in /opt/airflow/dags
[2023-11-30T06:02:46.828+0000] {manager.py:758} INFO - There are 1 files in /opt/airflow/dags
[2023-11-30T06:02:59.029+0000] {manager.py:887} INFO - 
================================================================================
DAG File Processing Stats

File Path                    PID  Runtime      # DAGs    # Errors  Last Runtime    Last Run
-------------------------  -----  ---------  --------  ----------  --------------  -------------------
/opt/airflow/dags/test.py    624  0.01s             1           0  0.30s           2023-11-30T06:02:28
================================================================================
[2023-11-30T06:03:29.423+0000] {manager.py:887} INFO - 
================================================================================
DAG File Processing Stats

File Path                    PID  Runtime      # DAGs    # Errors  Last Runtime    Last Run
-------------------------  -----  ---------  --------  ----------  --------------  -------------------
/opt/airflow/dags/test.py    636  0.01s             1           0  0.33s           2023-11-30T06:02:59
================================================================================
[2023-11-30T06:04:00.009+0000] {manager.py:887} INFO - 
================================================================================
DAG File Processing Stats

File Path                    PID  Runtime      # DAGs    # Errors  Last Runtime    Last Run
-------------------------  -----  ---------  --------  ----------  --------------  -------------------
/opt/airflow/dags/test.py    648  0.01s             1           0  0.26s           2023-11-30T06:03:29
================================================================================
[2023-11-30T06:04:30.316+0000] {manager.py:887} INFO - 
================================================================================
DAG File Processing Stats

File Path                    PID  Runtime      # DAGs    # Errors  Last Runtime    Last Run
-------------------------  -----  ---------  --------  ----------  --------------  -------------------
/opt/airflow/dags/test.py    660  0.00s             1           0  0.30s           2023-11-30T06:04:00
================================================================================
[2023-11-30T06:05:00.645+0000] {manager.py:887} INFO - 
================================================================================
DAG File Processing Stats

File Path                    PID  Runtime      # DAGs    # Errors  Last Runtime    Last Run
-------------------------  -----  ---------  --------  ----------  --------------  -------------------
/opt/airflow/dags/test.py    672  0.00s             1           0  0.17s           2023-11-30T06:04:30
================================================================================
[2023-11-30T06:05:31.142+0000] {manager.py:887} INFO - 
================================================================================
DAG File Processing Stats

File Path                    PID  Runtime      # DAGs    # Errors  Last Runtime    Last Run
-------------------------  -----  ---------  --------  ----------  --------------  -------------------
/opt/airflow/dags/test.py    684  0.01s             1           0  0.24s           2023-11-30T06:05:00
================================================================================
[2023-11-30T06:06:01.468+0000] {manager.py:887} INFO - 
================================================================================
DAG File Processing Stats

File Path                    PID  Runtime      # DAGs    # Errors  Last Runtime    Last Run
-------------------------  -----  ---------  --------  ----------  --------------  -------------------
/opt/airflow/dags/test.py    696  0.01s             1           0  0.32s           2023-11-30T06:05:31
================================================================================
[2023-11-30T06:06:32.007+0000] {manager.py:887} INFO - 
================================================================================
DAG File Processing Stats

File Path                    PID  Runtime      # DAGs    # Errors  Last Runtime    Last Run
-------------------------  -----  ---------  --------  ----------  --------------  -------------------
/opt/airflow/dags/test.py    708  0.01s             1           0  0.26s           2023-11-30T06:06:01
================================================================================
[2023-11-30T06:07:02.321+0000] {manager.py:887} INFO - 
================================================================================
DAG File Processing Stats

File Path                    PID  Runtime      # DAGs    # Errors  Last Runtime    Last Run
-------------------------  -----  ---------  --------  ----------  --------------  -------------------
/opt/airflow/dags/test.py    720  0.01s             1           0  0.26s           2023-11-30T06:06:32
================================================================================
[2023-11-30T06:07:32.832+0000] {manager.py:887} INFO - 
================================================================================
DAG File Processing Stats

File Path                    PID  Runtime      # DAGs    # Errors  Last Runtime    Last Run
-------------------------  -----  ---------  --------  ----------  --------------  -------------------
/opt/airflow/dags/test.py    732  0.01s             1           0  0.27s           2023-11-30T06:07:02
================================================================================
[2023-11-30T06:07:46.974+0000] {manager.py:755} INFO - Searching for files in /opt/airflow/dags
[2023-11-30T06:07:47.057+0000] {manager.py:758} INFO - There are 1 files in /opt/airflow/dags
[2023-11-30T06:08:03.307+0000] {manager.py:887} INFO - 
================================================================================
DAG File Processing Stats

File Path                    PID  Runtime      # DAGs    # Errors  Last Runtime    Last Run
-------------------------  -----  ---------  --------  ----------  --------------  -------------------
/opt/airflow/dags/test.py    744  0.05s             1           0  0.27s           2023-11-30T06:07:33
================================================================================
[2023-11-30T06:08:33.661+0000] {manager.py:887} INFO - 
================================================================================
DAG File Processing Stats

File Path                    PID  Runtime      # DAGs    # Errors  Last Runtime    Last Run
-------------------------  -----  ---------  --------  ----------  --------------  -------------------
/opt/airflow/dags/test.py    756  0.01s             1           0  0.32s           2023-11-30T06:08:03
================================================================================
[2023-11-30T06:09:04.202+0000] {manager.py:887} INFO - 
================================================================================
DAG File Processing Stats

File Path                    PID  Runtime      # DAGs    # Errors  Last Runtime    Last Run
-------------------------  -----  ---------  --------  ----------  --------------  -------------------
/opt/airflow/dags/test.py    768  0.01s             1           0  0.32s           2023-11-30T06:08:33
================================================================================
[2023-11-30T06:09:34.592+0000] {manager.py:887} INFO - 
================================================================================
DAG File Processing Stats

File Path                    PID  Runtime      # DAGs    # Errors  Last Runtime    Last Run
-------------------------  -----  ---------  --------  ----------  --------------  -------------------
/opt/airflow/dags/test.py    780  0.01s             1           0  0.30s           2023-11-30T06:09:04
================================================================================
[2023-11-30T06:10:05.096+0000] {manager.py:887} INFO - 
================================================================================
DAG File Processing Stats

File Path                    PID  Runtime      # DAGs    # Errors  Last Runtime    Last Run
-------------------------  -----  ---------  --------  ----------  --------------  -------------------
/opt/airflow/dags/test.py    792  0.01s             1           0  0.29s           2023-11-30T06:09:34
================================================================================
[2023-11-30T06:10:35.469+0000] {manager.py:887} INFO - 
================================================================================
DAG File Processing Stats

File Path                    PID  Runtime      # DAGs    # Errors  Last Runtime    Last Run
-------------------------  -----  ---------  --------  ----------  --------------  -------------------
/opt/airflow/dags/test.py    804  0.01s             1           0  0.25s           2023-11-30T06:10:05
================================================================================
[2023-11-30T06:11:05.944+0000] {manager.py:887} INFO - 
================================================================================
DAG File Processing Stats

File Path                    PID  Runtime      # DAGs    # Errors  Last Runtime    Last Run
-------------------------  -----  ---------  --------  ----------  --------------  -------------------
/opt/airflow/dags/test.py    816  0.01s             1           0  0.30s           2023-11-30T06:10:35
================================================================================
[2023-11-30T06:11:36.363+0000] {manager.py:887} INFO - 
================================================================================
DAG File Processing Stats

File Path                    PID  Runtime      # DAGs    # Errors  Last Runtime    Last Run
-------------------------  -----  ---------  --------  ----------  --------------  -------------------
/opt/airflow/dags/test.py    828  0.01s             1           0  0.25s           2023-11-30T06:11:06
================================================================================
[2023-11-30T06:12:06.785+0000] {manager.py:887} INFO - 
================================================================================
DAG File Processing Stats

File Path                    PID  Runtime      # DAGs    # Errors  Last Runtime    Last Run
-------------------------  -----  ---------  --------  ----------  --------------  -------------------
/opt/airflow/dags/test.py    840  0.01s             1           0  0.28s           2023-11-30T06:11:36
================================================================================
[2023-11-30T06:12:37.214+0000] {manager.py:887} INFO - 
================================================================================
DAG File Processing Stats

File Path                    PID  Runtime      # DAGs    # Errors  Last Runtime    Last Run
-------------------------  -----  ---------  --------  ----------  --------------  -------------------
/opt/airflow/dags/test.py    853  0.01s             1           0  0.25s           2023-11-30T06:12:07
================================================================================
[2023-11-30T06:12:47.393+0000] {manager.py:755} INFO - Searching for files in /opt/airflow/dags
[2023-11-30T06:12:47.458+0000] {manager.py:758} INFO - There are 1 files in /opt/airflow/dags
[2023-11-30T06:13:07.710+0000] {manager.py:887} INFO - 
================================================================================
DAG File Processing Stats

File Path                    PID  Runtime      # DAGs    # Errors  Last Runtime    Last Run
-------------------------  -----  ---------  --------  ----------  --------------  -------------------
/opt/airflow/dags/test.py    865  0.01s             1           0  0.25s           2023-11-30T06:12:37
================================================================================
[2023-11-30T06:13:38.039+0000] {manager.py:887} INFO - 
================================================================================
DAG File Processing Stats

File Path                  PID    Runtime      # DAGs    # Errors  Last Runtime    Last Run
-------------------------  -----  ---------  --------  ----------  --------------  -------------------
/opt/airflow/dags/test.py                           1           0  0.38s           2023-11-30T06:13:08
================================================================================
[2023-11-30T06:14:08.733+0000] {manager.py:887} INFO - 
================================================================================
DAG File Processing Stats

File Path                    PID  Runtime      # DAGs    # Errors  Last Runtime    Last Run
-------------------------  -----  ---------  --------  ----------  --------------  -------------------
/opt/airflow/dags/test.py    889  0.01s             1           0  0.29s           2023-11-30T06:13:38
================================================================================
[2023-11-30T06:14:39.261+0000] {manager.py:887} INFO - 
================================================================================
DAG File Processing Stats

File Path                    PID  Runtime      # DAGs    # Errors  Last Runtime    Last Run
-------------------------  -----  ---------  --------  ----------  --------------  -------------------
/opt/airflow/dags/test.py    901  0.00s             1           0  0.30s           2023-11-30T06:14:09
================================================================================
[2023-11-30T06:15:09.671+0000] {manager.py:887} INFO - 
================================================================================
DAG File Processing Stats

File Path                    PID  Runtime      # DAGs    # Errors  Last Runtime    Last Run
-------------------------  -----  ---------  --------  ----------  --------------  -------------------
/opt/airflow/dags/test.py    913  0.01s             1           0  0.21s           2023-11-30T06:14:39
================================================================================
[2023-11-30T06:15:40.058+0000] {manager.py:887} INFO - 
================================================================================
DAG File Processing Stats

File Path                    PID  Runtime      # DAGs    # Errors  Last Runtime    Last Run
-------------------------  -----  ---------  --------  ----------  --------------  -------------------
/opt/airflow/dags/test.py    925  0.01s             1           0  0.25s           2023-11-30T06:15:09
================================================================================
[2023-11-30T06:16:10.503+0000] {manager.py:887} INFO - 
================================================================================
DAG File Processing Stats

File Path                    PID  Runtime      # DAGs    # Errors  Last Runtime    Last Run
-------------------------  -----  ---------  --------  ----------  --------------  -------------------
/opt/airflow/dags/test.py    937  0.01s             1           0  0.26s           2023-11-30T06:15:40
================================================================================
[2023-11-30T06:16:40.907+0000] {manager.py:887} INFO - 
================================================================================
DAG File Processing Stats

File Path                    PID  Runtime      # DAGs    # Errors  Last Runtime    Last Run
-------------------------  -----  ---------  --------  ----------  --------------  -------------------
/opt/airflow/dags/test.py    949  0.01s             1           0  0.26s           2023-11-30T06:16:10
================================================================================
[2023-11-30T06:17:11.350+0000] {manager.py:887} INFO - 
================================================================================
DAG File Processing Stats

File Path                    PID  Runtime      # DAGs    # Errors  Last Runtime    Last Run
-------------------------  -----  ---------  --------  ----------  --------------  -------------------
/opt/airflow/dags/test.py    961  0.01s             1           0  0.30s           2023-11-30T06:16:41
================================================================================
[2023-11-30T06:17:41.808+0000] {manager.py:887} INFO - 
================================================================================
DAG File Processing Stats

File Path                    PID  Runtime      # DAGs    # Errors  Last Runtime    Last Run
-------------------------  -----  ---------  --------  ----------  --------------  -------------------
/opt/airflow/dags/test.py    973  0.01s             1           0  0.25s           2023-11-30T06:17:11
================================================================================
[2023-11-30T06:17:47.908+0000] {manager.py:755} INFO - Searching for files in /opt/airflow/dags
[2023-11-30T06:17:47.975+0000] {manager.py:758} INFO - There are 2 files in /opt/airflow/dags
[2023-11-30T06:18:12.408+0000] {manager.py:887} INFO - 
================================================================================
DAG File Processing Stats

File Path                    PID  Runtime      # DAGs    # Errors  Last Runtime    Last Run
-------------------------  -----  ---------  --------  ----------  --------------  -------------------
/opt/airflow/dags/test.py    990  0.01s             1           0  0.24s           2023-11-30T06:17:42
/opt/airflow/dags/work.py                           1           0  0.49s           2023-11-30T06:17:48
================================================================================
[2023-11-30T06:18:43.108+0000] {manager.py:887} INFO - 
================================================================================
DAG File Processing Stats

File Path                    PID  Runtime      # DAGs    # Errors  Last Runtime    Last Run
-------------------------  -----  ---------  --------  ----------  --------------  -------------------
/opt/airflow/dags/test.py   1013  0.02s             1           0  0.30s           2023-11-30T06:18:12
/opt/airflow/dags/work.py                           1           0  0.24s           2023-11-30T06:18:19
================================================================================
[2023-11-30T06:19:13.768+0000] {manager.py:887} INFO - 
================================================================================
DAG File Processing Stats

File Path                    PID  Runtime      # DAGs    # Errors  Last Runtime    Last Run
-------------------------  -----  ---------  --------  ----------  --------------  -------------------
/opt/airflow/dags/test.py   1031  0.00s             1           0  0.29s           2023-11-30T06:18:43
/opt/airflow/dags/work.py                           1           0  0.25s           2023-11-30T06:18:49
================================================================================
[2023-11-30T06:19:44.394+0000] {manager.py:887} INFO - 
================================================================================
DAG File Processing Stats

File Path                    PID  Runtime      # DAGs    # Errors  Last Runtime    Last Run
-------------------------  -----  ---------  --------  ----------  --------------  -------------------
/opt/airflow/dags/test.py   1048  0.01s             1           0  0.19s           2023-11-30T06:19:13
/opt/airflow/dags/work.py                           1           0  0.29s           2023-11-30T06:19:20
================================================================================
[2023-11-30T06:20:14.456+0000] {manager.py:887} INFO - 
================================================================================
DAG File Processing Stats

File Path                  PID    Runtime      # DAGs    # Errors  Last Runtime    Last Run
-------------------------  -----  ---------  --------  ----------  --------------  -------------------
/opt/airflow/dags/test.py                           1           0  0.28s           2023-11-30T06:19:44
/opt/airflow/dags/work.py                           1           0  0.41s           2023-11-30T06:19:56
================================================================================
[2023-11-30T06:20:44.993+0000] {manager.py:887} INFO - 
================================================================================
DAG File Processing Stats

File Path                  PID    Runtime      # DAGs    # Errors  Last Runtime    Last Run
-------------------------  -----  ---------  --------  ----------  --------------  -------------------
/opt/airflow/dags/test.py                           1           0  0.24s           2023-11-30T06:20:15
/opt/airflow/dags/work.py                           1           0  0.26s           2023-11-30T06:20:26
================================================================================
[2023-11-30T06:21:15.677+0000] {manager.py:887} INFO - 
================================================================================
DAG File Processing Stats

File Path                  PID    Runtime      # DAGs    # Errors  Last Runtime    Last Run
-------------------------  -----  ---------  --------  ----------  --------------  -------------------
/opt/airflow/dags/test.py                           1           0  0.28s           2023-11-30T06:20:46
/opt/airflow/dags/work.py                           1           0  0.30s           2023-11-30T06:20:57
================================================================================
[2023-11-30T06:21:46.329+0000] {manager.py:887} INFO - 
================================================================================
DAG File Processing Stats

File Path                  PID    Runtime      # DAGs    # Errors  Last Runtime    Last Run
-------------------------  -----  ---------  --------  ----------  --------------  -------------------
/opt/airflow/dags/test.py                           1           0  0.28s           2023-11-30T06:21:16
/opt/airflow/dags/work.py                           1           0  0.20s           2023-11-30T06:21:28
================================================================================
[2023-11-30T06:22:17.035+0000] {manager.py:887} INFO - 
================================================================================
DAG File Processing Stats

File Path                  PID    Runtime      # DAGs    # Errors  Last Runtime    Last Run
-------------------------  -----  ---------  --------  ----------  --------------  -------------------
/opt/airflow/dags/test.py                           1           0  0.30s           2023-11-30T06:21:47
/opt/airflow/dags/work.py                           1           0  0.27s           2023-11-30T06:21:58
================================================================================
[2023-11-30T06:22:47.707+0000] {manager.py:887} INFO - 
================================================================================
DAG File Processing Stats

File Path                  PID    Runtime      # DAGs    # Errors  Last Runtime    Last Run
-------------------------  -----  ---------  --------  ----------  --------------  -------------------
/opt/airflow/dags/test.py                           1           0  0.26s           2023-11-30T06:22:18
/opt/airflow/dags/work.py                           1           0  0.36s           2023-11-30T06:22:29
================================================================================
[2023-11-30T06:22:48.714+0000] {manager.py:755} INFO - Searching for files in /opt/airflow/dags
[2023-11-30T06:22:48.793+0000] {manager.py:758} INFO - There are 2 files in /opt/airflow/dags
[2023-11-30T06:23:18.459+0000] {manager.py:887} INFO - 
================================================================================
DAG File Processing Stats

File Path                  PID    Runtime      # DAGs    # Errors  Last Runtime    Last Run
-------------------------  -----  ---------  --------  ----------  --------------  -------------------
/opt/airflow/dags/test.py                           1           0  0.26s           2023-11-30T06:22:49
/opt/airflow/dags/work.py                           1           0  0.25s           2023-11-30T06:23:00
================================================================================
[2023-11-30T06:23:49.069+0000] {manager.py:887} INFO - 
================================================================================
DAG File Processing Stats

File Path                  PID    Runtime      # DAGs    # Errors  Last Runtime    Last Run
-------------------------  -----  ---------  --------  ----------  --------------  -------------------
/opt/airflow/dags/test.py                           1           0  0.25s           2023-11-30T06:23:19
/opt/airflow/dags/work.py                           1           0  0.25s           2023-11-30T06:23:30
================================================================================
[2023-11-30T06:24:19.705+0000] {manager.py:887} INFO - 
================================================================================
DAG File Processing Stats

File Path                  PID    Runtime      # DAGs    # Errors  Last Runtime    Last Run
-------------------------  -----  ---------  --------  ----------  --------------  -------------------
/opt/airflow/dags/test.py                           1           0  0.25s           2023-11-30T06:23:50
/opt/airflow/dags/work.py                           1           0  0.24s           2023-11-30T06:24:01
================================================================================
[2023-11-30T06:24:30.559+0000] {manager.py:469} INFO - Exiting gracefully upon receiving signal 15
